{"C:\\dekstop\\Profile\\Profile\\Test Tasks\\project-grid\\src\\components\\Button.tsx": {"path":"C:\\dekstop\\Profile\\Profile\\Test Tasks\\project-grid\\src\\components\\Button.tsx","statementMap":{"0":{"start":{"line":2,"column":0},"end":{"line":2,"column":31}},"1":{"start":{"line":11,"column":38},"end":{"line":45,"column":1}},"2":{"start":{"line":19,"column":22},"end":{"line":19,"column":30}},"3":{"start":{"line":20,"column":25},"end":{"line":25,"column":4}},"4":{"start":{"line":26,"column":22},"end":{"line":30,"column":4}},"5":{"start":{"line":32,"column":24},"end":{"line":38,"column":29}},"6":{"start":{"line":40,"column":2},"end":{"line":44,"column":4}},"7":{"start":{"line":47,"column":0},"end":{"line":47,"column":22}}},"fnMap":{"0":{"name":"(anonymous_0)","decl":{"start":{"line":11,"column":38},"end":{"line":11,"column":39}},"loc":{"start":{"line":18,"column":5},"end":{"line":45,"column":1}}}},"branchMap":{"0":{"loc":{"start":{"line":12,"column":2},"end":{"line":12,"column":21}},"type":"default-arg","locations":[{"start":{"line":12,"column":12},"end":{"line":12,"column":21}}]},"1":{"loc":{"start":{"line":13,"column":2},"end":{"line":13,"column":17}},"type":"default-arg","locations":[{"start":{"line":13,"column":9},"end":{"line":13,"column":17}}]},"2":{"loc":{"start":{"line":14,"column":2},"end":{"line":14,"column":18}},"type":"default-arg","locations":[{"start":{"line":14,"column":13},"end":{"line":14,"column":18}}]},"3":{"loc":{"start":{"line":16,"column":2},"end":{"line":16,"column":16}},"type":"default-arg","locations":[{"start":{"line":16,"column":14},"end":{"line":16,"column":16}}]},"4":{"loc":{"start":{"line":36,"column":4},"end":{"line":36,"column":35}},"type":"cond-expr","locations":[{"start":{"line":36,"column":15},"end":{"line":36,"column":30}},{"start":{"line":36,"column":33},"end":{"line":36,"column":35}}]}},"s":{"0":1,"1":1,"2":45,"3":45,"4":45,"5":45,"6":45,"7":1},"f":{"0":45},"b":{"0":[0],"1":[33],"2":[45],"3":[0],"4":[0,45]}}
,"C:\\dekstop\\Profile\\Profile\\Test Tasks\\project-grid\\src\\components\\ImageSlider.tsx": {"path":"C:\\dekstop\\Profile\\Profile\\Test Tasks\\project-grid\\src\\components\\ImageSlider.tsx","statementMap":{"0":{"start":{"line":1,"column":0},"end":{"line":1,"column":81}},"1":{"start":{"line":2,"column":0},"end":{"line":2,"column":30}},"2":{"start":{"line":3,"column":0},"end":{"line":3,"column":49}},"3":{"start":{"line":10,"column":29},"end":{"line":10,"column":35}},"4":{"start":{"line":11,"column":28},"end":{"line":11,"column":52}},"5":{"start":{"line":13,"column":20},"end":{"line":176,"column":1}},"6":{"start":{"line":19,"column":54},"end":{"line":19,"column":65}},"7":{"start":{"line":20,"column":44},"end":{"line":20,"column":59}},"8":{"start":{"line":21,"column":44},"end":{"line":21,"column":70}},"9":{"start":{"line":22,"column":44},"end":{"line":22,"column":79}},"10":{"start":{"line":24,"column":4},"end":{"line":41,"column":49}},"11":{"start":{"line":25,"column":33},"end":{"line":38,"column":9}},"12":{"start":{"line":26,"column":12},"end":{"line":37,"column":13}},"13":{"start":{"line":27,"column":16},"end":{"line":27,"column":43}},"14":{"start":{"line":28,"column":33},"end":{"line":28,"column":92}},"15":{"start":{"line":29,"column":16},"end":{"line":32,"column":20}},"16":{"start":{"line":29,"column":41},"end":{"line":32,"column":18}},"17":{"start":{"line":33,"column":16},"end":{"line":33,"column":42}},"18":{"start":{"line":35,"column":16},"end":{"line":35,"column":62}},"19":{"start":{"line":36,"column":16},"end":{"line":36,"column":41}},"20":{"start":{"line":40,"column":8},"end":{"line":40,"column":27}},"21":{"start":{"line":43,"column":22},"end":{"line":45,"column":23}},"22":{"start":{"line":44,"column":8},"end":{"line":44,"column":67}},"23":{"start":{"line":44,"column":39},"end":{"line":44,"column":65}},"24":{"start":{"line":47,"column":22},"end":{"line":49,"column":23}},"25":{"start":{"line":48,"column":8},"end":{"line":48,"column":83}},"26":{"start":{"line":48,"column":39},"end":{"line":48,"column":81}},"27":{"start":{"line":51,"column":26},"end":{"line":68,"column":45}},"28":{"start":{"line":52,"column":8},"end":{"line":67,"column":9}},"29":{"start":{"line":54,"column":16},"end":{"line":54,"column":28}},"30":{"start":{"line":55,"column":16},"end":{"line":55,"column":22}},"31":{"start":{"line":57,"column":16},"end":{"line":57,"column":28}},"32":{"start":{"line":58,"column":16},"end":{"line":58,"column":22}},"33":{"start":{"line":60,"column":16},"end":{"line":60,"column":40}},"34":{"start":{"line":61,"column":16},"end":{"line":61,"column":22}},"35":{"start":{"line":63,"column":16},"end":{"line":63,"column":56}},"36":{"start":{"line":64,"column":16},"end":{"line":64,"column":22}},"37":{"start":{"line":66,"column":16},"end":{"line":66,"column":22}},"38":{"start":{"line":70,"column":29},"end":{"line":70,"column":73}},"39":{"start":{"line":70,"column":47},"end":{"line":70,"column":68}},"40":{"start":{"line":71,"column":29},"end":{"line":71,"column":74}},"41":{"start":{"line":71,"column":47},"end":{"line":71,"column":69}},"42":{"start":{"line":73,"column":23},"end":{"line":94,"column":35}},"43":{"start":{"line":74,"column":8},"end":{"line":92,"column":null}},"44":{"start":{"line":80,"column":16},"end":{"line":81,"column":null}},"45":{"start":{"line":87,"column":24},"end":{"line":87,"column":44}},"46":{"start":{"line":88,"column":24},"end":{"line":88,"column":52}},"47":{"start":{"line":96,"column":25},"end":{"line":115,"column":103}},"48":{"start":{"line":97,"column":26},"end":{"line":97,"column":52}},"49":{"start":{"line":98,"column":27},"end":{"line":98,"column":88}},"50":{"start":{"line":100,"column":8},"end":{"line":114,"column":10}},"51":{"start":{"line":117,"column":4},"end":{"line":175,"column":6}},"52":{"start":{"line":137,"column":28},"end":{"line":137,"column":48}},"53":{"start":{"line":138,"column":28},"end":{"line":138,"column":40}},"54":{"start":{"line":149,"column":28},"end":{"line":149,"column":48}},"55":{"start":{"line":150,"column":28},"end":{"line":150,"column":40}},"56":{"start":{"line":178,"column":0},"end":{"line":178,"column":27}}},"fnMap":{"0":{"name":"(anonymous_1)","decl":{"start":{"line":13,"column":20},"end":{"line":13,"column":21}},"loc":{"start":{"line":18,"column":23},"end":{"line":176,"column":1}}},"1":{"name":"(anonymous_2)","decl":{"start":{"line":24,"column":14},"end":{"line":24,"column":17}},"loc":{"start":{"line":24,"column":19},"end":{"line":41,"column":5}}},"2":{"name":"(anonymous_3)","decl":{"start":{"line":25,"column":33},"end":{"line":25,"column":38}},"loc":{"start":{"line":25,"column":44},"end":{"line":38,"column":9}}},"3":{"name":"(anonymous_4)","decl":{"start":{"line":29,"column":32},"end":{"line":29,"column":36}},"loc":{"start":{"line":29,"column":41},"end":{"line":32,"column":18}}},"4":{"name":"(anonymous_5)","decl":{"start":{"line":43,"column":34},"end":{"line":43,"column":37}},"loc":{"start":{"line":43,"column":39},"end":{"line":45,"column":5}}},"5":{"name":"(anonymous_6)","decl":{"start":{"line":44,"column":29},"end":{"line":44,"column":30}},"loc":{"start":{"line":44,"column":39},"end":{"line":44,"column":65}}},"6":{"name":"(anonymous_7)","decl":{"start":{"line":47,"column":34},"end":{"line":47,"column":37}},"loc":{"start":{"line":47,"column":39},"end":{"line":49,"column":5}}},"7":{"name":"(anonymous_8)","decl":{"start":{"line":48,"column":29},"end":{"line":48,"column":30}},"loc":{"start":{"line":48,"column":39},"end":{"line":48,"column":81}}},"8":{"name":"(anonymous_9)","decl":{"start":{"line":51,"column":38},"end":{"line":51,"column":39}},"loc":{"start":{"line":51,"column":59},"end":{"line":68,"column":5}}},"9":{"name":"(anonymous_10)","decl":{"start":{"line":70,"column":41},"end":{"line":70,"column":44}},"loc":{"start":{"line":70,"column":47},"end":{"line":70,"column":68}}},"10":{"name":"(anonymous_11)","decl":{"start":{"line":71,"column":41},"end":{"line":71,"column":44}},"loc":{"start":{"line":71,"column":47},"end":{"line":71,"column":69}}},"11":{"name":"(anonymous_12)","decl":{"start":{"line":73,"column":31},"end":{"line":73,"column":34}},"loc":{"start":{"line":74,"column":8},"end":{"line":92,"column":null}}},"12":{"name":"(anonymous_13)","decl":{"start":{"line":79,"column":24},"end":{"line":79,"column":25}},"loc":{"start":{"line":80,"column":16},"end":{"line":81,"column":null}}},"13":{"name":"(anonymous_14)","decl":{"start":{"line":86,"column":29},"end":{"line":86,"column":30}},"loc":{"start":{"line":86,"column":35},"end":{"line":89,"column":21}}},"14":{"name":"(anonymous_15)","decl":{"start":{"line":96,"column":33},"end":{"line":96,"column":36}},"loc":{"start":{"line":96,"column":38},"end":{"line":115,"column":5}}},"15":{"name":"(anonymous_16)","decl":{"start":{"line":136,"column":33},"end":{"line":136,"column":34}},"loc":{"start":{"line":136,"column":39},"end":{"line":139,"column":25}}},"16":{"name":"(anonymous_17)","decl":{"start":{"line":148,"column":33},"end":{"line":148,"column":34}},"loc":{"start":{"line":148,"column":39},"end":{"line":151,"column":25}}}},"branchMap":{"0":{"loc":{"start":{"line":16,"column":4},"end":{"line":16,"column":38}},"type":"default-arg","locations":[{"start":{"line":16,"column":18},"end":{"line":16,"column":38}}]},"1":{"loc":{"start":{"line":17,"column":4},"end":{"line":17,"column":44}},"type":"default-arg","locations":[{"start":{"line":17,"column":25},"end":{"line":17,"column":44}}]},"2":{"loc":{"start":{"line":52,"column":8},"end":{"line":67,"column":9}},"type":"switch","locations":[{"start":{"line":53,"column":12},"end":{"line":55,"column":22}},{"start":{"line":56,"column":12},"end":{"line":58,"column":22}},{"start":{"line":59,"column":12},"end":{"line":61,"column":22}},{"start":{"line":62,"column":12},"end":{"line":64,"column":22}},{"start":{"line":65,"column":12},"end":{"line":66,"column":22}}]},"3":{"loc":{"start":{"line":85,"column":48},"end":{"line":85,"column":91}},"type":"cond-expr","locations":[{"start":{"line":85,"column":78},"end":{"line":85,"column":86}},{"start":{"line":85,"column":89},"end":{"line":85,"column":91}}]},"4":{"loc":{"start":{"line":90,"column":30},"end":{"line":90,"column":66}},"type":"cond-expr","locations":[{"start":{"line":90,"column":60},"end":{"line":90,"column":61}},{"start":{"line":90,"column":64},"end":{"line":90,"column":66}}]},"5":{"loc":{"start":{"line":98,"column":27},"end":{"line":98,"column":88}},"type":"binary-expr","locations":[{"start":{"line":98,"column":27},"end":{"line":98,"column":66}},{"start":{"line":98,"column":70},"end":{"line":98,"column":88}}]},"6":{"loc":{"start":{"line":102,"column":17},"end":{"line":102,"column":77}},"type":"binary-expr","locations":[{"start":{"line":102,"column":17},"end":{"line":102,"column":26}},{"start":{"line":102,"column":30},"end":{"line":102,"column":77}}]},"7":{"loc":{"start":{"line":106,"column":47},"end":{"line":106,"column":79}},"type":"cond-expr","locations":[{"start":{"line":106,"column":59},"end":{"line":106,"column":68}},{"start":{"line":106,"column":71},"end":{"line":106,"column":79}}]},"8":{"loc":{"start":{"line":130,"column":13},"end":{"line":157,"column":null}},"type":"binary-expr","locations":[{"start":{"line":130,"column":13},"end":{"line":130,"column":25}},{"start":{"line":131,"column":16},"end":{"line":156,"column":null}}]}},"s":{"0":1,"1":1,"2":1,"3":1,"4":1,"5":1,"6":33,"7":33,"8":33,"9":33,"10":33,"11":12,"12":12,"13":12,"14":12,"15":11,"16":11,"17":11,"18":1,"19":1,"20":12,"21":33,"22":2,"23":2,"24":33,"25":2,"26":2,"27":33,"28":4,"29":1,"30":1,"31":1,"32":1,"33":1,"34":1,"35":1,"36":1,"37":0,"38":33,"39":2,"40":33,"41":1,"42":33,"43":12,"44":36,"45":0,"46":0,"47":33,"48":30,"49":30,"50":30,"51":33,"52":1,"53":1,"54":1,"55":1,"56":1},"f":{"0":33,"1":12,"2":12,"3":11,"4":2,"5":2,"6":2,"7":2,"8":4,"9":2,"10":1,"11":12,"12":36,"13":0,"14":30,"15":1,"16":1},"b":{"0":[33],"1":[33],"2":[1,1,1,1,0],"3":[12,24],"4":[12,24],"5":[30,17],"6":[30,6],"7":[6,24],"8":[33,6]}}
,"C:\\dekstop\\Profile\\Profile\\Test Tasks\\project-grid\\src\\utils\\imageLoader.ts": {"path":"C:\\dekstop\\Profile\\Profile\\Test Tasks\\project-grid\\src\\utils\\imageLoader.ts","statementMap":{"0":{"start":{"line":8,"column":23},"end":{"line":8,"column":42}},"1":{"start":{"line":9,"column":31},"end":{"line":9,"column":33}},"2":{"start":{"line":11,"column":29},"end":{"line":11,"column":32}},"3":{"start":{"line":12,"column":50},"end":{"line":15,"column":2}},"4":{"start":{"line":17,"column":33},"end":{"line":20,"column":2}},"5":{"start":{"line":17,"column":114},"end":{"line":20,"column":2}},"6":{"start":{"line":22,"column":29},"end":{"line":39,"column":1}},"7":{"start":{"line":27,"column":30},"end":{"line":27,"column":40}},"8":{"start":{"line":28,"column":17},"end":{"line":31,"column":6}},"9":{"start":{"line":33,"column":4},"end":{"line":35,"column":5}},"10":{"start":{"line":34,"column":8},"end":{"line":34,"column":71}},"11":{"start":{"line":37,"column":22},"end":{"line":37,"column":51}},"12":{"start":{"line":38,"column":4},"end":{"line":38,"column":73}},"13":{"start":{"line":41,"column":29},"end":{"line":53,"column":1}},"14":{"start":{"line":42,"column":16},"end":{"line":42,"column":46}},"15":{"start":{"line":43,"column":21},"end":{"line":43,"column":85}},"16":{"start":{"line":45,"column":4},"end":{"line":50,"column":5}},"17":{"start":{"line":46,"column":28},"end":{"line":46,"column":45}},"18":{"start":{"line":47,"column":8},"end":{"line":49,"column":9}},"19":{"start":{"line":48,"column":12},"end":{"line":48,"column":32}},"20":{"start":{"line":52,"column":4},"end":{"line":52,"column":33}},"21":{"start":{"line":55,"column":28},"end":{"line":66,"column":1}},"22":{"start":{"line":60,"column":23},"end":{"line":60,"column":74}},"23":{"start":{"line":62,"column":4},"end":{"line":65,"column":6}},"24":{"start":{"line":68,"column":25},"end":{"line":97,"column":1}},"25":{"start":{"line":72,"column":24},"end":{"line":72,"column":39}},"26":{"start":{"line":73,"column":4},"end":{"line":75,"column":5}},"27":{"start":{"line":74,"column":8},"end":{"line":74,"column":32}},"28":{"start":{"line":77,"column":19},"end":{"line":77,"column":41}},"29":{"start":{"line":78,"column":17},"end":{"line":78,"column":62}},"30":{"start":{"line":80,"column":4},"end":{"line":96,"column":7}},"31":{"start":{"line":81,"column":20},"end":{"line":81,"column":31}},"32":{"start":{"line":83,"column":8},"end":{"line":92,"column":10}},"33":{"start":{"line":84,"column":33},"end":{"line":84,"column":84}},"34":{"start":{"line":86,"column":12},"end":{"line":89,"column":14}},"35":{"start":{"line":91,"column":12},"end":{"line":91,"column":34}},"36":{"start":{"line":94,"column":8},"end":{"line":94,"column":78}},"37":{"start":{"line":94,"column":28},"end":{"line":94,"column":77}},"38":{"start":{"line":95,"column":8},"end":{"line":95,"column":70}},"39":{"start":{"line":68,"column":13},"end":{"line":68,"column":25}},"40":{"start":{"line":99,"column":29},"end":{"line":105,"column":1}},"41":{"start":{"line":103,"column":25},"end":{"line":103,"column":71}},"42":{"start":{"line":103,"column":43},"end":{"line":103,"column":70}},"43":{"start":{"line":104,"column":4},"end":{"line":104,"column":36}},"44":{"start":{"line":99,"column":13},"end":{"line":99,"column":29}},"45":{"start":{"line":107,"column":31},"end":{"line":111,"column":1}},"46":{"start":{"line":108,"column":4},"end":{"line":110,"column":7}},"47":{"start":{"line":109,"column":8},"end":{"line":109,"column":31}},"48":{"start":{"line":107,"column":13},"end":{"line":107,"column":31}}},"fnMap":{"0":{"name":"(anonymous_0)","decl":{"start":{"line":17,"column":33},"end":{"line":17,"column":34}},"loc":{"start":{"line":17,"column":114},"end":{"line":20,"column":2}}},"1":{"name":"(anonymous_1)","decl":{"start":{"line":22,"column":29},"end":{"line":22,"column":null}},"loc":{"start":{"line":26,"column":12},"end":{"line":39,"column":1}}},"2":{"name":"(anonymous_2)","decl":{"start":{"line":41,"column":29},"end":{"line":41,"column":57}},"loc":{"start":{"line":41,"column":59},"end":{"line":53,"column":1}}},"3":{"name":"(anonymous_3)","decl":{"start":{"line":55,"column":28},"end":{"line":55,"column":null}},"loc":{"start":{"line":59,"column":24},"end":{"line":66,"column":1}}},"4":{"name":"(anonymous_4)","decl":{"start":{"line":68,"column":25},"end":{"line":68,"column":30}},"loc":{"start":{"line":71,"column":21},"end":{"line":97,"column":1}}},"5":{"name":"(anonymous_5)","decl":{"start":{"line":80,"column":23},"end":{"line":80,"column":24}},"loc":{"start":{"line":80,"column":43},"end":{"line":96,"column":5}}},"6":{"name":"(anonymous_6)","decl":{"start":{"line":83,"column":21},"end":{"line":83,"column":24}},"loc":{"start":{"line":83,"column":26},"end":{"line":92,"column":9}}},"7":{"name":"(anonymous_7)","decl":{"start":{"line":94,"column":22},"end":{"line":94,"column":25}},"loc":{"start":{"line":94,"column":28},"end":{"line":94,"column":77}}},"8":{"name":"(anonymous_8)","decl":{"start":{"line":99,"column":29},"end":{"line":99,"column":34}},"loc":{"start":{"line":102,"column":19},"end":{"line":105,"column":1}}},"9":{"name":"(anonymous_9)","decl":{"start":{"line":103,"column":36},"end":{"line":103,"column":39}},"loc":{"start":{"line":103,"column":43},"end":{"line":103,"column":70}}},"10":{"name":"(anonymous_10)","decl":{"start":{"line":107,"column":31},"end":{"line":107,"column":40}},"loc":{"start":{"line":107,"column":42},"end":{"line":111,"column":1}}},"11":{"name":"(anonymous_11)","decl":{"start":{"line":108,"column":36},"end":{"line":108,"column":39}},"loc":{"start":{"line":108,"column":42},"end":{"line":110,"column":5}}}},"branchMap":{"0":{"loc":{"start":{"line":17,"column":49},"end":{"line":17,"column":91}},"type":"default-arg","locations":[{"start":{"line":17,"column":71},"end":{"line":17,"column":91}}]},"1":{"loc":{"start":{"line":25,"column":4},"end":{"line":25,"column":32}},"type":"default-arg","locations":[{"start":{"line":25,"column":31},"end":{"line":25,"column":32}}]},"2":{"loc":{"start":{"line":33,"column":4},"end":{"line":35,"column":5}},"type":"if","locations":[{"start":{"line":33,"column":4},"end":{"line":35,"column":5}}]},"3":{"loc":{"start":{"line":37,"column":22},"end":{"line":37,"column":51}},"type":"cond-expr","locations":[{"start":{"line":37,"column":42},"end":{"line":37,"column":45}},{"start":{"line":37,"column":48},"end":{"line":37,"column":51}}]},"4":{"loc":{"start":{"line":43,"column":21},"end":{"line":43,"column":85}},"type":"cond-expr","locations":[{"start":{"line":43,"column":53},"end":{"line":43,"column":81}},{"start":{"line":43,"column":84},"end":{"line":43,"column":85}}]},"5":{"loc":{"start":{"line":43,"column":53},"end":{"line":43,"column":81}},"type":"binary-expr","locations":[{"start":{"line":43,"column":53},"end":{"line":43,"column":76}},{"start":{"line":43,"column":80},"end":{"line":43,"column":81}}]},"6":{"loc":{"start":{"line":45,"column":4},"end":{"line":50,"column":5}},"type":"if","locations":[{"start":{"line":45,"column":4},"end":{"line":50,"column":5}}]},"7":{"loc":{"start":{"line":47,"column":8},"end":{"line":49,"column":9}},"type":"if","locations":[{"start":{"line":47,"column":8},"end":{"line":49,"column":9}}]},"8":{"loc":{"start":{"line":58,"column":4},"end":{"line":58,"column":46}},"type":"default-arg","locations":[{"start":{"line":58,"column":26},"end":{"line":58,"column":46}}]},"9":{"loc":{"start":{"line":70,"column":4},"end":{"line":70,"column":46}},"type":"default-arg","locations":[{"start":{"line":70,"column":26},"end":{"line":70,"column":46}}]},"10":{"loc":{"start":{"line":73,"column":4},"end":{"line":75,"column":5}},"type":"if","locations":[{"start":{"line":73,"column":4},"end":{"line":75,"column":5}}]},"11":{"loc":{"start":{"line":73,"column":8},"end":{"line":73,"column":74}},"type":"binary-expr","locations":[{"start":{"line":73,"column":8},"end":{"line":73,"column":19}},{"start":{"line":73,"column":23},"end":{"line":73,"column":74}}]},"12":{"loc":{"start":{"line":84,"column":33},"end":{"line":84,"column":84}},"type":"cond-expr","locations":[{"start":{"line":84,"column":57},"end":{"line":84,"column":68}},{"start":{"line":84,"column":71},"end":{"line":84,"column":84}}]},"13":{"loc":{"start":{"line":95,"column":18},"end":{"line":95,"column":69}},"type":"cond-expr","locations":[{"start":{"line":95,"column":42},"end":{"line":95,"column":53}},{"start":{"line":95,"column":56},"end":{"line":95,"column":69}}]},"14":{"loc":{"start":{"line":101,"column":4},"end":{"line":101,"column":46}},"type":"default-arg","locations":[{"start":{"line":101,"column":26},"end":{"line":101,"column":46}}]}},"s":{"0":1,"1":1,"2":1,"3":1,"4":1,"5":8,"6":1,"7":16,"8":16,"9":16,"10":0,"11":16,"12":16,"13":1,"14":8,"15":8,"16":8,"17":8,"18":8,"19":0,"20":8,"21":1,"22":8,"23":8,"24":1,"25":9,"26":9,"27":1,"28":8,"29":8,"30":8,"31":8,"32":8,"33":6,"34":6,"35":6,"36":8,"37":2,"38":8,"39":1,"40":1,"41":2,"42":4,"43":2,"44":1,"45":1,"46":6,"47":5,"48":1},"f":{"0":8,"1":16,"2":8,"3":8,"4":9,"5":8,"6":6,"7":2,"8":2,"9":4,"10":6,"11":5},"b":{"0":[0],"1":[0],"2":[0],"3":[0,16],"4":[8,0],"5":[8,0],"6":[8],"7":[0],"8":[0],"9":[4],"10":[1],"11":[9,1],"12":[0,6],"13":[0,8],"14":[2]}}
}
