TN:
SF:src\components\Button.tsx
FN:11,(anonymous_0)
FNF:1
FNH:1
FNDA:45,(anonymous_0)
DA:2,1
DA:11,1
DA:19,45
DA:20,45
DA:26,45
DA:32,45
DA:40,45
DA:47,1
LF:8
LH:8
BRDA:12,0,0,0
BRDA:13,1,0,33
BRDA:14,2,0,45
BRDA:16,3,0,0
BRDA:36,4,0,0
BRDA:36,4,1,45
BRF:6
BRH:3
end_of_record
TN:
SF:src\components\ImageSlider.tsx
FN:13,(anonymous_1)
FN:24,(anonymous_2)
FN:25,(anonymous_3)
FN:29,(anonymous_4)
FN:43,(anonymous_5)
FN:44,(anonymous_6)
FN:47,(anonymous_7)
FN:48,(anonymous_8)
FN:51,(anonymous_9)
FN:70,(anonymous_10)
FN:71,(anonymous_11)
FN:73,(anonymous_12)
FN:79,(anonymous_13)
FN:86,(anonymous_14)
FN:96,(anonymous_15)
FN:136,(anonymous_16)
FN:148,(anonymous_17)
FNF:17
FNH:16
FNDA:33,(anonymous_1)
FNDA:12,(anonymous_2)
FNDA:12,(anonymous_3)
FNDA:11,(anonymous_4)
FNDA:2,(anonymous_5)
FNDA:2,(anonymous_6)
FNDA:2,(anonymous_7)
FNDA:2,(anonymous_8)
FNDA:4,(anonymous_9)
FNDA:2,(anonymous_10)
FNDA:1,(anonymous_11)
FNDA:12,(anonymous_12)
FNDA:36,(anonymous_13)
FNDA:0,(anonymous_14)
FNDA:30,(anonymous_15)
FNDA:1,(anonymous_16)
FNDA:1,(anonymous_17)
DA:1,1
DA:2,1
DA:3,1
DA:10,1
DA:11,1
DA:13,1
DA:19,33
DA:20,33
DA:21,33
DA:22,33
DA:24,33
DA:25,12
DA:26,12
DA:27,12
DA:28,12
DA:29,11
DA:33,11
DA:35,1
DA:36,1
DA:40,12
DA:43,33
DA:44,2
DA:47,33
DA:48,2
DA:51,33
DA:52,4
DA:54,1
DA:55,1
DA:57,1
DA:58,1
DA:60,1
DA:61,1
DA:63,1
DA:64,1
DA:66,0
DA:70,33
DA:71,33
DA:73,33
DA:74,12
DA:80,36
DA:87,0
DA:88,0
DA:96,33
DA:97,30
DA:98,30
DA:100,30
DA:117,33
DA:137,1
DA:138,1
DA:149,1
DA:150,1
DA:178,1
LF:52
LH:49
BRDA:16,0,0,33
BRDA:17,1,0,33
BRDA:52,2,0,1
BRDA:52,2,1,1
BRDA:52,2,2,1
BRDA:52,2,3,1
BRDA:52,2,4,0
BRDA:85,3,0,12
BRDA:85,3,1,24
BRDA:90,4,0,12
BRDA:90,4,1,24
BRDA:98,5,0,30
BRDA:98,5,1,17
BRDA:102,6,0,30
BRDA:102,6,1,6
BRDA:106,7,0,6
BRDA:106,7,1,24
BRDA:130,8,0,33
BRDA:130,8,1,6
BRF:19
BRH:18
end_of_record
TN:
SF:src\utils\imageLoader.ts
FN:17,(anonymous_0)
FN:22,(anonymous_1)
FN:41,(anonymous_2)
FN:55,(anonymous_3)
FN:68,(anonymous_4)
FN:80,(anonymous_5)
FN:83,(anonymous_6)
FN:94,(anonymous_7)
FN:99,(anonymous_8)
FN:103,(anonymous_9)
FN:107,(anonymous_10)
FN:108,(anonymous_11)
FNF:12
FNH:12
FNDA:8,(anonymous_0)
FNDA:16,(anonymous_1)
FNDA:8,(anonymous_2)
FNDA:8,(anonymous_3)
FNDA:9,(anonymous_4)
FNDA:8,(anonymous_5)
FNDA:6,(anonymous_6)
FNDA:2,(anonymous_7)
FNDA:2,(anonymous_8)
FNDA:4,(anonymous_9)
FNDA:6,(anonymous_10)
FNDA:5,(anonymous_11)
DA:8,1
DA:9,1
DA:11,1
DA:12,1
DA:17,8
DA:22,1
DA:27,16
DA:28,16
DA:33,16
DA:34,0
DA:37,16
DA:38,16
DA:41,1
DA:42,8
DA:43,8
DA:45,8
DA:46,8
DA:47,8
DA:48,0
DA:52,8
DA:55,1
DA:60,8
DA:62,8
DA:68,1
DA:72,9
DA:73,9
DA:74,1
DA:77,8
DA:78,8
DA:80,8
DA:81,8
DA:83,8
DA:84,6
DA:86,6
DA:91,6
DA:94,8
DA:95,8
DA:99,1
DA:103,4
DA:104,2
DA:107,1
DA:108,6
DA:109,5
LF:43
LH:41
BRDA:17,0,0,0
BRDA:25,1,0,0
BRDA:33,2,0,0
BRDA:37,3,0,0
BRDA:37,3,1,16
BRDA:43,4,0,8
BRDA:43,4,1,0
BRDA:43,5,0,8
BRDA:43,5,1,0
BRDA:45,6,0,8
BRDA:47,7,0,0
BRDA:58,8,0,0
BRDA:70,9,0,4
BRDA:73,10,0,1
BRDA:73,11,0,9
BRDA:73,11,1,1
BRDA:84,12,0,0
BRDA:84,12,1,6
BRDA:95,13,0,0
BRDA:95,13,1,8
BRDA:101,14,0,2
BRF:21
BRH:11
end_of_record
